2025-05-03 21:33:19,500 - root - INFO - Starting Friday AI system...
2025-05-03 21:33:19,519 - root - INFO - Friday process started with PID 53652
2025-05-03 21:33:19,519 - root - INFO - Waiting for HTTP server at http://localhost:5000/status...
2025-05-03 21:33:20,526 - root - INFO - HTTP server available after 1 seconds
2025-05-03 21:33:20,526 - root - INFO - Friday AI system started successfully
2025-05-03 21:33:20,526 - root - INFO - Starting Friday UI...
2025-05-03 21:33:20,528 - root - ERROR - Failed to start UI: [WinError 2] The system cannot find the file specified
2025-05-03 21:36:14,745 - root - INFO - Starting Friday AI system...
2025-05-03 21:36:14,765 - root - INFO - Friday process started with PID 6116
2025-05-03 21:36:14,766 - root - INFO - Waiting for HTTP server at http://localhost:5000/status...
2025-05-03 21:36:15,781 - root - INFO - HTTP server available after 1 seconds
2025-05-03 21:36:15,781 - root - INFO - Friday AI system started successfully
2025-05-03 21:36:15,782 - root - INFO - Starting Friday UI...
2025-05-03 21:36:15,782 - root - ERROR - UI directory not found: .ui/electron_app
2025-05-03 21:59:31,005 - root - INFO - Starting Friday AI system...
2025-05-03 21:59:31,023 - root - INFO - Friday process started with PID 49888
2025-05-03 21:59:31,023 - root - INFO - Waiting for HTTP server at http://localhost:5000/status...
2025-05-03 21:59:32,029 - root - INFO - HTTP server available after 1 seconds
2025-05-03 21:59:32,029 - root - INFO - Friday AI system started successfully
2025-05-03 21:59:32,029 - root - INFO - Starting Friday UI...
2025-05-03 21:59:32,029 - root - ERROR - UI directory not found: .ui/electron_app
